MPASM 5.84  /HOME/U9DD/PROJECTS/GRYPANIA/PRO   10-31-2019  9:07:45         PAGE  1


LOC  OBJECT CODE     LINE SOURCE TEXT
  VALUE

                      00001     #INCLUDE <p16f84.inc>
                      00001         LIST
                      00002 
                      00003 ;==========================================================================
                      00004 ; Build date : Mar 17 2019
                      00005 ;  MPASM PIC16F84 processor include
                      00006 ; 
                      00007 ;  (c) Copyright 1999-2019 Microchip Technology, All rights reserved
                      00008 ;==========================================================================
                      00009 
                      00207         LIST
                      00002     ORG 0x00
                      00003 
0000                  00004 Start
0000   1683           00005     BSF STATUS, RP0
Message[302]: Register in operand not in bank 0.  Ensure that bank bits are correct.
0001   0186           00006     CLRF TRISB
0002   3001           00007     MOVLW .1
Message[302]: Register in operand not in bank 0.  Ensure that bank bits are correct.
0003   0085           00008     MOVWF TRISA
0004   1283           00009     BCF STATUS, RP0
                      00010     
0005                  00011 Main
0005   0186           00012    CLRF PORTB
0006   1003           00013    BCF STATUS, C
                      00014 
0007                  00015 Left
0007   1C05           00016     BTFSS PORTA, 0
0008   1403           00017     BSF STATUS, C
0009   0D86           00018     RLF PORTB, F
000A   1F86           00019     BTFSS PORTB, 7
000B   2???           00020     GOTO Left
000C   0186           00021     CLRF PORTB
                      00022 
000D                  00023 Right
000D   1C05           00024     BTFSS PORTA, 0
000E   1403           00025     BSF STATUS, C
000F   0C86           00026     RRF PORTB, F
0010   1C06           00027     BTFSS PORTB, 0
0011   2???           00028     GOTO Right
0012   2???           00029     GOTO Main
                      00030 
                      00031     END
MPASM 5.84  /HOME/U9DD/PROJECTS/GRYPANIA/PRO   10-31-2019  9:07:45         PAGE  2


SYMBOL TABLE
  LABEL                             VALUE 

C                                 00000000
DC                                00000001
EEADR                             00000009
EECON1                            00000088
EECON2                            00000089
EEDATA                            00000008
EEIE                              00000006
EEIF                              00000004
F                                 00000001
FSR                               00000004
GIE                               00000007
INDF                              00000000
INTCON                            0000000B
INTE                              00000004
INTEDG                            00000006
INTF                              00000001
IRP                               00000007
Left                              00000007
Main                              00000005
NOT_PD                            00000003
NOT_RBPU                          00000007
NOT_TO                            00000004
OPTION_REG                        00000081
PCL                               00000002
PCLATH                            0000000A
PORTA                             00000005
PORTB                             00000006
PS0                               00000000
PS1                               00000001
PS2                               00000002
PSA                               00000003
RA0                               00000000
RA1                               00000001
RA2                               00000002
RA3                               00000003
RA4                               00000004
RB0                               00000000
RB1                               00000001
RB2                               00000002
RB3                               00000003
RB4                               00000004
RB5                               00000005
RB6                               00000006
RB7                               00000007
RBIE                              00000003
RBIF                              00000000
RD                                00000000
RP0                               00000005
RP1                               00000006
Right                             0000000D
STATUS                            00000003
Start                             00000000
T0CS                              00000005
MPASM 5.84  /HOME/U9DD/PROJECTS/GRYPANIA/PRO   10-31-2019  9:07:45         PAGE  3


SYMBOL TABLE
  LABEL                             VALUE 

T0IE                              00000005
T0IF                              00000002
T0SE                              00000004
TMR0                              00000001
TMR0IE                            00000005
TMR0IF                            00000002
TRISA                             00000085
TRISA0                            00000000
TRISA1                            00000001
TRISA2                            00000002
TRISA3                            00000003
TRISA4                            00000004
TRISB                             00000086
TRISB0                            00000000
TRISB1                            00000001
TRISB2                            00000002
TRISB3                            00000003
TRISB4                            00000004
TRISB5                            00000005
TRISB6                            00000006
TRISB7                            00000007
W                                 00000000
WR                                00000001
WREN                              00000002
WRERR                             00000003
Z                                 00000002
_CONFIG                           00002007
_CP_OFF                           00003FFF
_CP_ON                            0000000F
_FOSC_EXTRC                       00003FFF
_FOSC_HS                          00003FFE
_FOSC_LP                          00003FFC
_FOSC_XT                          00003FFD
_HS_OSC                           00003FFE
_IDLOC0                           00002000
_IDLOC1                           00002001
_IDLOC2                           00002002
_IDLOC3                           00002003
_LP_OSC                           00003FFC
_PWRTE_OFF                        00003FFF
_PWRTE_ON                         00003FF7
_RC_OSC                           00003FFF
_WDTE_OFF                         00003FFB
_WDTE_ON                          00003FFF
_WDT_OFF                          00003FFB
_WDT_ON                           00003FFF
_XT_OSC                           00003FFD
__16F84                           00000001

Errors   :     0
Warnings :     0 reported,     0 suppressed
Messages :     2 reported,     0 suppressed

